{"/Users/neeteshkeshari/Documents/Personal/eurowings/src/components/atoms/Icon/index.js": {"path":"/Users/neeteshkeshari/Documents/Personal/eurowings/src/components/atoms/Icon/index.js","statementMap":{"0":{"start":{"line":16,"column":0},"end":{"line":16,"column":15}},"1":{"start":{"line":1,"column":18},"end":{"line":1,"column":null}},"2":{"start":{"line":2,"column":185},"end":{"line":2,"column":null}},"3":{"start":{"line":3,"column":118},"end":{"line":3,"column":null}},"4":{"start":{"line":5,"column":14},"end":{"line":7,"column":null}},"5":{"start":{"line":9,"column":13},"end":{"line":13,"column":null}},"6":{"start":{"line":10,"column":24},"end":{"line":10,"column":35}},"7":{"start":{"line":11,"column":2},"end":{"line":11,"column":null}},"8":{"start":{"line":11,"column":22},"end":{"line":11,"column":null}},"9":{"start":{"line":16,"column":15},"end":{"line":16,"column":null}}},"fnMap":{"0":{"name":"(anonymous_0)","decl":{"start":{"line":16,"column":0},"end":{"line":16,"column":15}},"loc":{"start":{"line":16,"column":0},"end":{"line":16,"column":15}}},"1":{"name":"(anonymous_2)","decl":{"start":{"line":9,"column":13},"end":{"line":9,"column":14}},"loc":{"start":{"line":9,"column":38},"end":{"line":13,"column":null}}}},"branchMap":{"0":{"loc":{"start":{"line":11,"column":2},"end":{"line":11,"column":null}},"type":"if","locations":[{"start":{"line":11,"column":2},"end":{"line":11,"column":null}}]}},"s":{"0":33,"1":1,"2":1,"3":1,"4":1,"5":1,"6":33,"7":33,"8":0,"9":1},"f":{"0":33,"1":33},"b":{"0":[0]}}
,"/Users/neeteshkeshari/Documents/Personal/eurowings/src/components/atoms/InputText/index.js": {"path":"/Users/neeteshkeshari/Documents/Personal/eurowings/src/components/atoms/InputText/index.js","statementMap":{"0":{"start":{"line":9,"column":0},"end":{"line":9,"column":15}},"1":{"start":{"line":1,"column":18},"end":{"line":1,"column":null}},"2":{"start":{"line":2,"column":19},"end":{"line":2,"column":null}},"3":{"start":{"line":3,"column":18},"end":{"line":7,"column":null}},"4":{"start":{"line":9,"column":15},"end":{"line":9,"column":null}}},"fnMap":{"0":{"name":"(anonymous_0)","decl":{"start":{"line":9,"column":0},"end":{"line":9,"column":15}},"loc":{"start":{"line":9,"column":0},"end":{"line":9,"column":15}}},"1":{"name":"(anonymous_2)","decl":{"start":{"line":3,"column":18},"end":{"line":3,"column":19}},"loc":{"start":{"line":3,"column":60},"end":{"line":7,"column":null}}}},"branchMap":{},"s":{"0":6,"1":1,"2":1,"3":1,"4":1},"f":{"0":6,"1":6},"b":{}}
,"/Users/neeteshkeshari/Documents/Personal/eurowings/src/components/atoms/Label/index.js": {"path":"/Users/neeteshkeshari/Documents/Personal/eurowings/src/components/atoms/Label/index.js","statementMap":{"0":{"start":{"line":11,"column":0},"end":{"line":11,"column":15}},"1":{"start":{"line":1,"column":18},"end":{"line":1,"column":null}},"2":{"start":{"line":2,"column":19},"end":{"line":2,"column":null}},"3":{"start":{"line":3,"column":14},"end":{"line":9,"column":null}},"4":{"start":{"line":11,"column":15},"end":{"line":11,"column":null}}},"fnMap":{"0":{"name":"(anonymous_0)","decl":{"start":{"line":11,"column":0},"end":{"line":11,"column":15}},"loc":{"start":{"line":11,"column":0},"end":{"line":11,"column":15}}},"1":{"name":"(anonymous_2)","decl":{"start":{"line":3,"column":14},"end":{"line":3,"column":15}},"loc":{"start":{"line":3,"column":40},"end":{"line":9,"column":null}}}},"branchMap":{},"s":{"0":15,"1":1,"2":1,"3":1,"4":1},"f":{"0":15,"1":15},"b":{}}
,"/Users/neeteshkeshari/Documents/Personal/eurowings/src/components/atoms/Text/index.js": {"path":"/Users/neeteshkeshari/Documents/Personal/eurowings/src/components/atoms/Text/index.js","statementMap":{"0":{"start":{"line":11,"column":0},"end":{"line":11,"column":15}},"1":{"start":{"line":1,"column":18},"end":{"line":1,"column":null}},"2":{"start":{"line":3,"column":13},"end":{"line":9,"column":null}},"3":{"start":{"line":11,"column":15},"end":{"line":11,"column":null}}},"fnMap":{"0":{"name":"(anonymous_0)","decl":{"start":{"line":11,"column":0},"end":{"line":11,"column":15}},"loc":{"start":{"line":11,"column":0},"end":{"line":11,"column":15}}},"1":{"name":"(anonymous_2)","decl":{"start":{"line":3,"column":13},"end":{"line":3,"column":14}},"loc":{"start":{"line":3,"column":51},"end":{"line":9,"column":null}}}},"branchMap":{},"s":{"0":24,"1":1,"2":1,"3":1},"f":{"0":24,"1":24},"b":{}}
,"/Users/neeteshkeshari/Documents/Personal/eurowings/src/components/molecules/AnimatedFlight/index.js": {"path":"/Users/neeteshkeshari/Documents/Personal/eurowings/src/components/molecules/AnimatedFlight/index.js","statementMap":{"0":{"start":{"line":13,"column":0},"end":{"line":13,"column":15}},"1":{"start":{"line":1,"column":18},"end":{"line":1,"column":null}},"2":{"start":{"line":2,"column":17},"end":{"line":2,"column":null}},"3":{"start":{"line":3,"column":19},"end":{"line":3,"column":null}},"4":{"start":{"line":5,"column":14},"end":{"line":11,"column":null}},"5":{"start":{"line":13,"column":15},"end":{"line":13,"column":null}}},"fnMap":{"0":{"name":"(anonymous_0)","decl":{"start":{"line":13,"column":0},"end":{"line":13,"column":15}},"loc":{"start":{"line":13,"column":0},"end":{"line":13,"column":15}}},"1":{"name":"(anonymous_2)","decl":{"start":{"line":5,"column":14},"end":{"line":5,"column":20}},"loc":{"start":{"line":5,"column":20},"end":{"line":11,"column":null}}}},"branchMap":{},"s":{"0":3,"1":1,"2":1,"3":1,"4":1,"5":1},"f":{"0":3,"1":3},"b":{}}
,"/Users/neeteshkeshari/Documents/Personal/eurowings/src/components/molecules/FlightCard/FromCity.js": {"path":"/Users/neeteshkeshari/Documents/Personal/eurowings/src/components/molecules/FlightCard/FromCity.js","statementMap":{"0":{"start":{"line":10,"column":0},"end":{"line":10,"column":15}},"1":{"start":{"line":1,"column":18},"end":{"line":1,"column":null}},"2":{"start":{"line":2,"column":17},"end":{"line":2,"column":null}},"3":{"start":{"line":4,"column":17},"end":{"line":8,"column":null}},"4":{"start":{"line":10,"column":15},"end":{"line":10,"column":null}}},"fnMap":{"0":{"name":"(anonymous_0)","decl":{"start":{"line":10,"column":0},"end":{"line":10,"column":15}},"loc":{"start":{"line":10,"column":0},"end":{"line":10,"column":15}}},"1":{"name":"(anonymous_2)","decl":{"start":{"line":4,"column":17},"end":{"line":4,"column":18}},"loc":{"start":{"line":4,"column":33},"end":{"line":8,"column":null}}}},"branchMap":{},"s":{"0":3,"1":1,"2":1,"3":1,"4":1},"f":{"0":3,"1":3},"b":{}}
,"/Users/neeteshkeshari/Documents/Personal/eurowings/src/components/molecules/FlightCard/OfferType.js": {"path":"/Users/neeteshkeshari/Documents/Personal/eurowings/src/components/molecules/FlightCard/OfferType.js","statementMap":{"0":{"start":{"line":12,"column":0},"end":{"line":12,"column":15}},"1":{"start":{"line":1,"column":18},"end":{"line":1,"column":null}},"2":{"start":{"line":2,"column":17},"end":{"line":2,"column":null}},"3":{"start":{"line":4,"column":18},"end":{"line":10,"column":null}},"4":{"start":{"line":12,"column":15},"end":{"line":12,"column":null}}},"fnMap":{"0":{"name":"(anonymous_0)","decl":{"start":{"line":12,"column":0},"end":{"line":12,"column":15}},"loc":{"start":{"line":12,"column":0},"end":{"line":12,"column":15}}},"1":{"name":"(anonymous_2)","decl":{"start":{"line":4,"column":18},"end":{"line":4,"column":19}},"loc":{"start":{"line":4,"column":38},"end":{"line":10,"column":null}}}},"branchMap":{},"s":{"0":3,"1":1,"2":1,"3":1,"4":1},"f":{"0":3,"1":3},"b":{}}
,"/Users/neeteshkeshari/Documents/Personal/eurowings/src/components/molecules/FlightCard/Price.js": {"path":"/Users/neeteshkeshari/Documents/Personal/eurowings/src/components/molecules/FlightCard/Price.js","statementMap":{"0":{"start":{"line":10,"column":0},"end":{"line":10,"column":15}},"1":{"start":{"line":1,"column":18},"end":{"line":1,"column":null}},"2":{"start":{"line":2,"column":17},"end":{"line":2,"column":null}},"3":{"start":{"line":4,"column":14},"end":{"line":8,"column":null}},"4":{"start":{"line":10,"column":15},"end":{"line":10,"column":null}}},"fnMap":{"0":{"name":"(anonymous_0)","decl":{"start":{"line":10,"column":0},"end":{"line":10,"column":15}},"loc":{"start":{"line":10,"column":0},"end":{"line":10,"column":15}}},"1":{"name":"(anonymous_2)","decl":{"start":{"line":4,"column":14},"end":{"line":4,"column":15}},"loc":{"start":{"line":4,"column":30},"end":{"line":8,"column":null}}}},"branchMap":{},"s":{"0":3,"1":1,"2":1,"3":1,"4":1},"f":{"0":3,"1":3},"b":{}}
,"/Users/neeteshkeshari/Documents/Personal/eurowings/src/components/molecules/FlightCard/SeatAvailability.js": {"path":"/Users/neeteshkeshari/Documents/Personal/eurowings/src/components/molecules/FlightCard/SeatAvailability.js","statementMap":{"0":{"start":{"line":17,"column":0},"end":{"line":17,"column":15}},"1":{"start":{"line":1,"column":18},"end":{"line":1,"column":null}},"2":{"start":{"line":2,"column":17},"end":{"line":2,"column":null}},"3":{"start":{"line":3,"column":17},"end":{"line":3,"column":null}},"4":{"start":{"line":5,"column":25},"end":{"line":15,"column":null}},"5":{"start":{"line":17,"column":15},"end":{"line":17,"column":null}}},"fnMap":{"0":{"name":"(anonymous_0)","decl":{"start":{"line":17,"column":0},"end":{"line":17,"column":15}},"loc":{"start":{"line":17,"column":0},"end":{"line":17,"column":15}}},"1":{"name":"(anonymous_2)","decl":{"start":{"line":5,"column":25},"end":{"line":5,"column":26}},"loc":{"start":{"line":5,"column":51},"end":{"line":15,"column":null}}}},"branchMap":{},"s":{"0":3,"1":1,"2":1,"3":1,"4":1,"5":1},"f":{"0":3,"1":3},"b":{}}
,"/Users/neeteshkeshari/Documents/Personal/eurowings/src/components/molecules/FlightCard/ToCity.js": {"path":"/Users/neeteshkeshari/Documents/Personal/eurowings/src/components/molecules/FlightCard/ToCity.js","statementMap":{"0":{"start":{"line":10,"column":0},"end":{"line":10,"column":15}},"1":{"start":{"line":1,"column":18},"end":{"line":1,"column":null}},"2":{"start":{"line":2,"column":17},"end":{"line":2,"column":null}},"3":{"start":{"line":4,"column":15},"end":{"line":8,"column":null}},"4":{"start":{"line":10,"column":15},"end":{"line":10,"column":null}}},"fnMap":{"0":{"name":"(anonymous_0)","decl":{"start":{"line":10,"column":0},"end":{"line":10,"column":15}},"loc":{"start":{"line":10,"column":0},"end":{"line":10,"column":15}}},"1":{"name":"(anonymous_2)","decl":{"start":{"line":4,"column":15},"end":{"line":4,"column":16}},"loc":{"start":{"line":4,"column":36},"end":{"line":8,"column":null}}}},"branchMap":{},"s":{"0":3,"1":1,"2":1,"3":1,"4":1},"f":{"0":3,"1":3},"b":{}}
,"/Users/neeteshkeshari/Documents/Personal/eurowings/src/components/molecules/InputField/index.js": {"path":"/Users/neeteshkeshari/Documents/Personal/eurowings/src/components/molecules/InputField/index.js","statementMap":{"0":{"start":{"line":18,"column":0},"end":{"line":18,"column":15}},"1":{"start":{"line":1,"column":32},"end":{"line":1,"column":null}},"2":{"start":{"line":2,"column":17},"end":{"line":2,"column":null}},"3":{"start":{"line":3,"column":22},"end":{"line":3,"column":null}},"4":{"start":{"line":4,"column":18},"end":{"line":4,"column":null}},"5":{"start":{"line":5,"column":19},"end":{"line":5,"column":null}},"6":{"start":{"line":6,"column":19},"end":{"line":16,"column":null}},"7":{"start":{"line":18,"column":15},"end":{"line":18,"column":null}}},"fnMap":{"0":{"name":"(anonymous_0)","decl":{"start":{"line":18,"column":0},"end":{"line":18,"column":15}},"loc":{"start":{"line":18,"column":0},"end":{"line":18,"column":15}}},"1":{"name":"(anonymous_5)","decl":{"start":{"line":6,"column":19},"end":{"line":6,"column":20}},"loc":{"start":{"line":6,"column":90},"end":{"line":16,"column":null}}}},"branchMap":{},"s":{"0":6,"1":1,"2":1,"3":1,"4":1,"5":1,"6":1,"7":1},"f":{"0":6,"1":6},"b":{}}
,"/Users/neeteshkeshari/Documents/Personal/eurowings/src/components/molecules/NoResult/Icons/index.js": {"path":"/Users/neeteshkeshari/Documents/Personal/eurowings/src/components/molecules/NoResult/Icons/index.js","statementMap":{"0":{"start":{"line":13,"column":0},"end":{"line":13,"column":15}},"1":{"start":{"line":1,"column":18},"end":{"line":1,"column":null}},"2":{"start":{"line":2,"column":17},"end":{"line":2,"column":null}},"3":{"start":{"line":4,"column":14},"end":{"line":11,"column":null}},"4":{"start":{"line":13,"column":15},"end":{"line":13,"column":null}}},"fnMap":{"0":{"name":"(anonymous_0)","decl":{"start":{"line":13,"column":0},"end":{"line":13,"column":15}},"loc":{"start":{"line":13,"column":0},"end":{"line":13,"column":15}}},"1":{"name":"(anonymous_2)","decl":{"start":{"line":4,"column":14},"end":{"line":4,"column":15}},"loc":{"start":{"line":4,"column":23},"end":{"line":11,"column":null}}}},"branchMap":{},"s":{"0":3,"1":1,"2":1,"3":1,"4":1},"f":{"0":3,"1":3},"b":{}}
,"/Users/neeteshkeshari/Documents/Personal/eurowings/src/components/molecules/NoResult/Message/index.js": {"path":"/Users/neeteshkeshari/Documents/Personal/eurowings/src/components/molecules/NoResult/Message/index.js","statementMap":{"0":{"start":{"line":13,"column":0},"end":{"line":13,"column":15}},"1":{"start":{"line":1,"column":18},"end":{"line":1,"column":null}},"2":{"start":{"line":2,"column":17},"end":{"line":2,"column":null}},"3":{"start":{"line":4,"column":16},"end":{"line":11,"column":null}},"4":{"start":{"line":13,"column":15},"end":{"line":13,"column":null}}},"fnMap":{"0":{"name":"(anonymous_0)","decl":{"start":{"line":13,"column":0},"end":{"line":13,"column":15}},"loc":{"start":{"line":13,"column":0},"end":{"line":13,"column":15}}},"1":{"name":"(anonymous_2)","decl":{"start":{"line":4,"column":16},"end":{"line":4,"column":17}},"loc":{"start":{"line":4,"column":41},"end":{"line":11,"column":null}}}},"branchMap":{},"s":{"0":3,"1":1,"2":1,"3":1,"4":1},"f":{"0":3,"1":3},"b":{}}
,"/Users/neeteshkeshari/Documents/Personal/eurowings/src/components/organisms/NoResultComponent.js": {"path":"/Users/neeteshkeshari/Documents/Personal/eurowings/src/components/organisms/NoResultComponent.js","statementMap":{"0":{"start":{"line":13,"column":0},"end":{"line":13,"column":15}},"1":{"start":{"line":1,"column":18},"end":{"line":1,"column":null}},"2":{"start":{"line":2,"column":18},"end":{"line":2,"column":null}},"3":{"start":{"line":3,"column":20},"end":{"line":3,"column":null}},"4":{"start":{"line":5,"column":25},"end":{"line":12,"column":null}},"5":{"start":{"line":13,"column":15},"end":{"line":13,"column":null}}},"fnMap":{"0":{"name":"(anonymous_0)","decl":{"start":{"line":13,"column":0},"end":{"line":13,"column":15}},"loc":{"start":{"line":13,"column":0},"end":{"line":13,"column":15}}},"1":{"name":"(anonymous_2)","decl":{"start":{"line":5,"column":25},"end":{"line":5,"column":26}},"loc":{"start":{"line":5,"column":50},"end":{"line":12,"column":null}}}},"branchMap":{},"s":{"0":3,"1":1,"2":1,"3":1,"4":1,"5":1},"f":{"0":3,"1":3},"b":{}}
,"/Users/neeteshkeshari/Documents/Personal/eurowings/src/components/organisms/DateFilter/index.js": {"path":"/Users/neeteshkeshari/Documents/Personal/eurowings/src/components/organisms/DateFilter/index.js","statementMap":{"0":{"start":{"line":73,"column":0},"end":{"line":73,"column":15}},"1":{"start":{"line":1,"column":18},"end":{"line":1,"column":null}},"2":{"start":{"line":2,"column":19},"end":{"line":2,"column":null}},"3":{"start":{"line":3,"column":17},"end":{"line":3,"column":null}},"4":{"start":{"line":4,"column":18},"end":{"line":4,"column":null}},"5":{"start":{"line":5,"column":30},"end":{"line":5,"column":null}},"6":{"start":{"line":6,"column":23},"end":{"line":6,"column":null}},"7":{"start":{"line":7,"column":7},"end":{"line":7,"column":null}},"8":{"start":{"line":9,"column":19},"end":{"line":71,"column":null}},"9":{"start":{"line":12,"column":30},"end":{"line":15,"column":null}},"10":{"start":{"line":13,"column":2},"end":{"line":13,"column":null}},"11":{"start":{"line":14,"column":2},"end":{"line":14,"column":null}},"12":{"start":{"line":18,"column":35},"end":{"line":21,"column":null}},"13":{"start":{"line":19,"column":2},"end":{"line":19,"column":null}},"14":{"start":{"line":20,"column":2},"end":{"line":20,"column":null}},"15":{"start":{"line":24,"column":27},"end":{"line":27,"column":null}},"16":{"start":{"line":25,"column":2},"end":{"line":25,"column":null}},"17":{"start":{"line":26,"column":2},"end":{"line":26,"column":null}},"18":{"start":{"line":30,"column":32},"end":{"line":33,"column":null}},"19":{"start":{"line":31,"column":2},"end":{"line":31,"column":null}},"20":{"start":{"line":32,"column":2},"end":{"line":32,"column":null}},"21":{"start":{"line":47,"column":167},"end":{"line":47,"column":null}},"22":{"start":{"line":49,"column":161},"end":{"line":49,"column":200}},"23":{"start":{"line":73,"column":15},"end":{"line":73,"column":null}}},"fnMap":{"0":{"name":"(anonymous_0)","decl":{"start":{"line":73,"column":0},"end":{"line":73,"column":15}},"loc":{"start":{"line":73,"column":0},"end":{"line":73,"column":15}}},"1":{"name":"(anonymous_2)","decl":{"start":{"line":9,"column":19},"end":{"line":9,"column":20}},"loc":{"start":{"line":9,"column":205},"end":{"line":71,"column":null}}},"2":{"name":"(anonymous_3)","decl":{"start":{"line":12,"column":30},"end":{"line":12,"column":31}},"loc":{"start":{"line":12,"column":40},"end":{"line":15,"column":null}}},"3":{"name":"(anonymous_4)","decl":{"start":{"line":18,"column":35},"end":{"line":18,"column":41}},"loc":{"start":{"line":18,"column":41},"end":{"line":21,"column":null}}},"4":{"name":"(anonymous_5)","decl":{"start":{"line":24,"column":27},"end":{"line":24,"column":28}},"loc":{"start":{"line":24,"column":37},"end":{"line":27,"column":null}}},"5":{"name":"(anonymous_6)","decl":{"start":{"line":30,"column":32},"end":{"line":30,"column":38}},"loc":{"start":{"line":30,"column":38},"end":{"line":33,"column":null}}},"6":{"name":"(anonymous_7)","decl":{"start":{"line":47,"column":160},"end":{"line":47,"column":161}},"loc":{"start":{"line":47,"column":167},"end":{"line":47,"column":null}}},"7":{"name":"(anonymous_8)","decl":{"start":{"line":49,"column":154},"end":{"line":49,"column":155}},"loc":{"start":{"line":49,"column":161},"end":{"line":49,"column":200}}}},"branchMap":{"0":{"loc":{"start":{"line":41,"column":34},"end":{"line":41,"column":88}},"type":"cond-expr","locations":[{"start":{"line":41,"column":48},"end":{"line":41,"column":71}},{"start":{"line":41,"column":71},"end":{"line":41,"column":88}}]},"1":{"loc":{"start":{"line":46,"column":17},"end":{"line":49,"column":null}},"type":"cond-expr","locations":[{"start":{"line":47,"column":20},"end":{"line":49,"column":21}},{"start":{"line":49,"column":20},"end":{"line":49,"column":null}}]},"2":{"loc":{"start":{"line":51,"column":17},"end":{"line":66,"column":null}},"type":"cond-expr","locations":[{"start":{"line":52,"column":20},"end":{"line":60,"column":null}},{"start":{"line":60,"column":20},"end":{"line":66,"column":null}}]},"3":{"loc":{"start":{"line":53,"column":21},"end":{"line":56,"column":null}},"type":"cond-expr","locations":[{"start":{"line":54,"column":24},"end":{"line":56,"column":25}},{"start":{"line":56,"column":24},"end":{"line":56,"column":null}}]},"4":{"loc":{"start":{"line":61,"column":21},"end":{"line":64,"column":null}},"type":"cond-expr","locations":[{"start":{"line":62,"column":24},"end":{"line":64,"column":25}},{"start":{"line":64,"column":24},"end":{"line":64,"column":null}}]}},"s":{"0":6,"1":1,"2":1,"3":1,"4":1,"5":1,"6":1,"7":1,"8":1,"9":6,"10":0,"11":0,"12":6,"13":0,"14":0,"15":6,"16":0,"17":0,"18":6,"19":0,"20":0,"21":0,"22":0,"23":1},"f":{"0":6,"1":6,"2":0,"3":0,"4":0,"5":0,"6":0,"7":0},"b":{"0":[3,3],"1":[3,3],"2":[3,3],"3":[0,3],"4":[0,3]}}
,"/Users/neeteshkeshari/Documents/Personal/eurowings/src/components/organisms/FlightCard/index.js": {"path":"/Users/neeteshkeshari/Documents/Personal/eurowings/src/components/organisms/FlightCard/index.js","statementMap":{"0":{"start":{"line":32,"column":0},"end":{"line":32,"column":15}},"1":{"start":{"line":1,"column":18},"end":{"line":1,"column":null}},"2":{"start":{"line":2,"column":19},"end":{"line":2,"column":null}},"3":{"start":{"line":3,"column":29},"end":{"line":3,"column":null}},"4":{"start":{"line":4,"column":22},"end":{"line":4,"column":null}},"5":{"start":{"line":5,"column":18},"end":{"line":5,"column":null}},"6":{"start":{"line":6,"column":21},"end":{"line":6,"column":null}},"7":{"start":{"line":7,"column":19},"end":{"line":7,"column":null}},"8":{"start":{"line":8,"column":17},"end":{"line":8,"column":null}},"9":{"start":{"line":10,"column":19},"end":{"line":30,"column":null}},"10":{"start":{"line":11,"column":1},"end":{"line":12,"column":29}},"11":{"start":{"line":32,"column":15},"end":{"line":32,"column":null}}},"fnMap":{"0":{"name":"(anonymous_0)","decl":{"start":{"line":32,"column":0},"end":{"line":32,"column":15}},"loc":{"start":{"line":32,"column":0},"end":{"line":32,"column":15}}},"1":{"name":"(anonymous_2)","decl":{"start":{"line":10,"column":19},"end":{"line":10,"column":20}},"loc":{"start":{"line":10,"column":30},"end":{"line":30,"column":null}}}},"branchMap":{},"s":{"0":3,"1":1,"2":1,"3":1,"4":1,"5":1,"6":1,"7":1,"8":1,"9":1,"10":3,"11":1},"f":{"0":3,"1":3},"b":{}}
,"/Users/neeteshkeshari/Documents/Personal/eurowings/src/components/organisms/OfferType/index.js": {"path":"/Users/neeteshkeshari/Documents/Personal/eurowings/src/components/organisms/OfferType/index.js","statementMap":{"0":{"start":{"line":45,"column":0},"end":{"line":45,"column":15}},"1":{"start":{"line":1,"column":18},"end":{"line":1,"column":null}},"2":{"start":{"line":2,"column":19},"end":{"line":2,"column":null}},"3":{"start":{"line":3,"column":17},"end":{"line":3,"column":null}},"4":{"start":{"line":4,"column":17},"end":{"line":4,"column":null}},"5":{"start":{"line":5,"column":18},"end":{"line":5,"column":null}},"6":{"start":{"line":7,"column":18},"end":{"line":43,"column":null}},"7":{"start":{"line":10,"column":29},"end":{"line":12,"column":null}},"8":{"start":{"line":11,"column":8},"end":{"line":11,"column":null}},"9":{"start":{"line":15,"column":26},"end":{"line":18,"column":null}},"10":{"start":{"line":16,"column":2},"end":{"line":16,"column":null}},"11":{"start":{"line":17,"column":2},"end":{"line":17,"column":null}},"12":{"start":{"line":26,"column":145},"end":{"line":26,"column":null}},"13":{"start":{"line":32,"column":24},"end":{"line":32,"column":44}},"14":{"start":{"line":32,"column":162},"end":{"line":32,"column":null}},"15":{"start":{"line":45,"column":15},"end":{"line":45,"column":null}}},"fnMap":{"0":{"name":"(anonymous_0)","decl":{"start":{"line":45,"column":0},"end":{"line":45,"column":15}},"loc":{"start":{"line":45,"column":0},"end":{"line":45,"column":15}}},"1":{"name":"(anonymous_2)","decl":{"start":{"line":7,"column":18},"end":{"line":7,"column":19}},"loc":{"start":{"line":7,"column":120},"end":{"line":43,"column":null}}},"2":{"name":"(anonymous_3)","decl":{"start":{"line":10,"column":29},"end":{"line":10,"column":35}},"loc":{"start":{"line":10,"column":35},"end":{"line":12,"column":null}}},"3":{"name":"(anonymous_4)","decl":{"start":{"line":15,"column":26},"end":{"line":15,"column":27}},"loc":{"start":{"line":15,"column":36},"end":{"line":18,"column":null}}},"4":{"name":"(anonymous_5)","decl":{"start":{"line":26,"column":139},"end":{"line":26,"column":145}},"loc":{"start":{"line":26,"column":145},"end":{"line":26,"column":null}}},"5":{"name":"(anonymous_6)","decl":{"start":{"line":31,"column":42},"end":{"line":31,"column":null}},"loc":{"start":{"line":32,"column":24},"end":{"line":32,"column":44}}},"6":{"name":"(anonymous_7)","decl":{"start":{"line":32,"column":156},"end":{"line":32,"column":162}},"loc":{"start":{"line":32,"column":162},"end":{"line":32,"column":null}}}},"branchMap":{"0":{"loc":{"start":{"line":23,"column":163},"end":{"line":23,"column":250}},"type":"cond-expr","locations":[{"start":{"line":23,"column":183},"end":{"line":23,"column":250}},{"start":{"line":23,"column":245},"end":{"line":23,"column":250}}]},"1":{"loc":{"start":{"line":24,"column":13},"end":{"line":24,"column":null}},"type":"binary-expr","locations":[{"start":{"line":24,"column":13},"end":{"line":24,"column":null}}]},"2":{"loc":{"start":{"line":26,"column":45},"end":{"line":26,"column":128}},"type":"cond-expr","locations":[{"start":{"line":26,"column":72},"end":{"line":26,"column":102}},{"start":{"line":26,"column":105},"end":{"line":26,"column":128}}]},"3":{"loc":{"start":{"line":32,"column":55},"end":{"line":32,"column":145}},"type":"cond-expr","locations":[{"start":{"line":32,"column":89},"end":{"line":32,"column":119}},{"start":{"line":32,"column":122},"end":{"line":32,"column":145}}]}},"s":{"0":3,"1":1,"2":1,"3":1,"4":1,"5":1,"6":1,"7":3,"8":0,"9":3,"10":0,"11":0,"12":0,"13":0,"14":0,"15":1},"f":{"0":3,"1":3,"2":0,"3":0,"4":0,"5":0,"6":0},"b":{"0":[0,3],"1":[3],"2":[0,0],"3":[0,0]}}
,"/Users/neeteshkeshari/Documents/Personal/eurowings/src/components/templates/FlightCardList.js": {"path":"/Users/neeteshkeshari/Documents/Personal/eurowings/src/components/templates/FlightCardList.js","statementMap":{"0":{"start":{"line":21,"column":0},"end":{"line":21,"column":15}},"1":{"start":{"line":1,"column":18},"end":{"line":1,"column":null}},"2":{"start":{"line":2,"column":23},"end":{"line":2,"column":null}},"3":{"start":{"line":3,"column":30},"end":{"line":3,"column":null}},"4":{"start":{"line":5,"column":23},"end":{"line":19,"column":null}},"5":{"start":{"line":21,"column":15},"end":{"line":21,"column":null}}},"fnMap":{"0":{"name":"(anonymous_0)","decl":{"start":{"line":21,"column":0},"end":{"line":21,"column":15}},"loc":{"start":{"line":21,"column":0},"end":{"line":21,"column":15}}},"1":{"name":"(anonymous_5)","decl":{"start":{"line":5,"column":23},"end":{"line":5,"column":24}},"loc":{"start":{"line":5,"column":34},"end":{"line":19,"column":null}}}},"branchMap":{"0":{"loc":{"start":{"line":8,"column":13},"end":{"line":16,"column":null}},"type":"cond-expr","locations":[{"start":{"line":9,"column":16},"end":{"line":11,"column":17}},{"start":{"line":11,"column":16},"end":{"line":16,"column":null}}]}},"s":{"0":5,"1":1,"2":1,"3":1,"4":1,"5":1},"f":{"0":5,"1":5},"b":{"0":[3,2]}}
,"/Users/neeteshkeshari/Documents/Personal/eurowings/src/pages/index.js": {"path":"/Users/neeteshkeshari/Documents/Personal/eurowings/src/pages/index.js","statementMap":{"0":{"start":{"line":10,"column":13},"end":{"line":10,"column":31}},"1":{"start":{"line":83,"column":0},"end":{"line":83,"column":15}},"2":{"start":{"line":1,"column":32},"end":{"line":1,"column":null}},"3":{"start":{"line":2,"column":17},"end":{"line":2,"column":null}},"4":{"start":{"line":3,"column":27},"end":{"line":3,"column":null}},"5":{"start":{"line":4,"column":27},"end":{"line":4,"column":null}},"6":{"start":{"line":5,"column":17},"end":{"line":5,"column":null}},"7":{"start":{"line":6,"column":23},"end":{"line":6,"column":null}},"8":{"start":{"line":7,"column":22},"end":{"line":7,"column":null}},"9":{"start":{"line":8,"column":23},"end":{"line":8,"column":null}},"10":{"start":{"line":10,"column":34},"end":{"line":17,"column":null}},"11":{"start":{"line":11,"column":16},"end":{"line":11,"column":null}},"12":{"start":{"line":12,"column":13},"end":{"line":12,"column":null}},"13":{"start":{"line":13,"column":20},"end":{"line":13,"column":null}},"14":{"start":{"line":14,"column":1},"end":{"line":16,"column":null}},"15":{"start":{"line":18,"column":13},"end":{"line":81,"column":null}},"16":{"start":{"line":19,"column":41},"end":{"line":19,"column":null}},"17":{"start":{"line":20,"column":51},"end":{"line":20,"column":null}},"18":{"start":{"line":21,"column":51},"end":{"line":21,"column":null}},"19":{"start":{"line":22,"column":55},"end":{"line":22,"column":null}},"20":{"start":{"line":23,"column":49},"end":{"line":23,"column":null}},"21":{"start":{"line":24,"column":47},"end":{"line":24,"column":null}},"22":{"start":{"line":25,"column":54},"end":{"line":25,"column":null}},"23":{"start":{"line":26,"column":49},"end":{"line":26,"column":null}},"24":{"start":{"line":27,"column":26},"end":{"line":27,"column":98}},"25":{"start":{"line":27,"column":75},"end":{"line":27,"column":90}},"26":{"start":{"line":30,"column":26},"end":{"line":38,"column":null}},"27":{"start":{"line":31,"column":2},"end":{"line":37,"column":3}},"28":{"start":{"line":32,"column":4},"end":{"line":32,"column":null}},"29":{"start":{"line":33,"column":4},"end":{"line":33,"column":null}},"30":{"start":{"line":35,"column":4},"end":{"line":35,"column":null}},"31":{"start":{"line":36,"column":4},"end":{"line":36,"column":null}},"32":{"start":{"line":41,"column":29},"end":{"line":50,"column":5}},"33":{"start":{"line":42,"column":2},"end":{"line":47,"column":null}},"34":{"start":{"line":52,"column":1},"end":{"line":52,"column":null}},"35":{"start":{"line":62,"column":145},"end":{"line":62,"column":178}},"36":{"start":{"line":63,"column":55},"end":{"line":63,"column":79}},"37":{"start":{"line":64,"column":139},"end":{"line":64,"column":177}},"38":{"start":{"line":83,"column":15},"end":{"line":83,"column":20}}},"fnMap":{"0":{"name":"(anonymous_1)","decl":{"start":{"line":10,"column":31},"end":{"line":10,"column":34}},"loc":{"start":{"line":10,"column":13},"end":{"line":10,"column":31}}},"1":{"name":"(anonymous_2)","decl":{"start":{"line":83,"column":20},"end":{"line":83,"column":null}},"loc":{"start":{"line":83,"column":0},"end":{"line":83,"column":15}}},"2":{"name":"(anonymous_7)","decl":{"start":{"line":10,"column":34},"end":{"line":10,"column":46}},"loc":{"start":{"line":10,"column":46},"end":{"line":17,"column":null}}},"3":{"name":"(anonymous_8)","decl":{"start":{"line":18,"column":13},"end":{"line":18,"column":14}},"loc":{"start":{"line":18,"column":33},"end":{"line":81,"column":null}}},"4":{"name":"(anonymous_9)","decl":{"start":{"line":27,"column":66},"end":{"line":27,"column":75}},"loc":{"start":{"line":27,"column":75},"end":{"line":27,"column":90}}},"5":{"name":"(anonymous_10)","decl":{"start":{"line":30,"column":26},"end":{"line":30,"column":27}},"loc":{"start":{"line":30,"column":37},"end":{"line":38,"column":null}}},"6":{"name":"(anonymous_11)","decl":{"start":{"line":41,"column":60},"end":{"line":41,"column":61}},"loc":{"start":{"line":41,"column":72},"end":{"line":49,"column":null}}},"7":{"name":"(anonymous_12)","decl":{"start":{"line":62,"column":138},"end":{"line":62,"column":139}},"loc":{"start":{"line":62,"column":145},"end":{"line":62,"column":178}}},"8":{"name":"(anonymous_13)","decl":{"start":{"line":63,"column":49},"end":{"line":63,"column":55}},"loc":{"start":{"line":63,"column":55},"end":{"line":63,"column":79}}},"9":{"name":"(anonymous_14)","decl":{"start":{"line":64,"column":132},"end":{"line":64,"column":133}},"loc":{"start":{"line":64,"column":139},"end":{"line":64,"column":177}}}},"branchMap":{"0":{"loc":{"start":{"line":27,"column":26},"end":{"line":27,"column":98}},"type":"cond-expr","locations":[{"start":{"line":27,"column":39},"end":{"line":27,"column":96}},{"start":{"line":27,"column":96},"end":{"line":27,"column":98}}]},"1":{"loc":{"start":{"line":31,"column":2},"end":{"line":37,"column":3}},"type":"if","locations":[{"start":{"line":31,"column":2},"end":{"line":37,"column":3}},{"start":{"line":34,"column":9},"end":{"line":37,"column":3}}]},"2":{"loc":{"start":{"line":41,"column":29},"end":{"line":50,"column":5}},"type":"cond-expr","locations":[{"start":{"line":41,"column":42},"end":{"line":49,"column":null}},{"start":{"line":50,"column":3},"end":{"line":50,"column":5}}]},"3":{"loc":{"start":{"line":43,"column":3},"end":{"line":47,"column":null}},"type":"binary-expr","locations":[{"start":{"line":43,"column":3},"end":{"line":43,"column":null}},{"start":{"line":44,"column":3},"end":{"line":44,"column":null}},{"start":{"line":45,"column":3},"end":{"line":45,"column":null}},{"start":{"line":46,"column":3},"end":{"line":46,"column":null}},{"start":{"line":47,"column":3},"end":{"line":47,"column":null}}]}},"s":{"0":0,"1":1,"2":1,"3":1,"4":1,"5":1,"6":1,"7":1,"8":1,"9":1,"10":1,"11":0,"12":0,"13":0,"14":0,"15":1,"16":3,"17":3,"18":3,"19":3,"20":3,"21":3,"22":3,"23":3,"24":3,"25":0,"26":3,"27":0,"28":0,"29":0,"30":0,"31":0,"32":3,"33":0,"34":3,"35":1,"36":0,"37":1,"38":1},"f":{"0":0,"1":1,"2":0,"3":3,"4":0,"5":0,"6":0,"7":1,"8":0,"9":1},"b":{"0":[0,3],"1":[0,0],"2":[0,3],"3":[0,0,0,0,0]}}
,"/Users/neeteshkeshari/Documents/Personal/eurowings/src/utility/index.js": {"path":"/Users/neeteshkeshari/Documents/Personal/eurowings/src/utility/index.js","statementMap":{"0":{"start":{"line":2,"column":13},"end":{"line":2,"column":29}},"1":{"start":{"line":2,"column":29},"end":{"line":8,"column":null}},"2":{"start":{"line":3,"column":15},"end":{"line":3,"column":null}},"3":{"start":{"line":4,"column":16},"end":{"line":4,"column":null}},"4":{"start":{"line":5,"column":14},"end":{"line":5,"column":null}},"5":{"start":{"line":6,"column":24},"end":{"line":6,"column":null}},"6":{"start":{"line":7,"column":4},"end":{"line":7,"column":null}}},"fnMap":{"0":{"name":"(anonymous_0)","decl":{"start":{"line":2,"column":13},"end":{"line":2,"column":29}},"loc":{"start":{"line":2,"column":13},"end":{"line":2,"column":29}}},"1":{"name":"(anonymous_1)","decl":{"start":{"line":2,"column":29},"end":{"line":2,"column":30}},"loc":{"start":{"line":2,"column":39},"end":{"line":8,"column":null}}}},"branchMap":{},"s":{"0":0,"1":1,"2":0,"3":0,"4":0,"5":0,"6":0},"f":{"0":0,"1":0},"b":{}}
}
