TN:
SF:src/components/atoms/Icon/index.js
FN:16,(anonymous_0)
FN:9,(anonymous_2)
FNF:2
FNH:2
FNDA:33,(anonymous_0)
FNDA:33,(anonymous_2)
DA:1,1
DA:2,1
DA:3,1
DA:5,1
DA:9,1
DA:10,33
DA:11,33
DA:16,33
LF:8
LH:8
BRDA:11,0,0,0
BRF:1
BRH:0
end_of_record
TN:
SF:src/components/atoms/InputText/index.js
FN:9,(anonymous_0)
FN:3,(anonymous_2)
FNF:2
FNH:2
FNDA:6,(anonymous_0)
FNDA:6,(anonymous_2)
DA:1,1
DA:2,1
DA:3,1
DA:9,6
LF:4
LH:4
BRF:0
BRH:0
end_of_record
TN:
SF:src/components/atoms/Label/index.js
FN:11,(anonymous_0)
FN:3,(anonymous_2)
FNF:2
FNH:2
FNDA:15,(anonymous_0)
FNDA:15,(anonymous_2)
DA:1,1
DA:2,1
DA:3,1
DA:11,15
LF:4
LH:4
BRF:0
BRH:0
end_of_record
TN:
SF:src/components/atoms/Text/index.js
FN:11,(anonymous_0)
FN:3,(anonymous_2)
FNF:2
FNH:2
FNDA:24,(anonymous_0)
FNDA:24,(anonymous_2)
DA:1,1
DA:3,1
DA:11,24
LF:3
LH:3
BRF:0
BRH:0
end_of_record
TN:
SF:src/components/molecules/AnimatedFlight/index.js
FN:13,(anonymous_0)
FN:5,(anonymous_2)
FNF:2
FNH:2
FNDA:3,(anonymous_0)
FNDA:3,(anonymous_2)
DA:1,1
DA:2,1
DA:3,1
DA:5,1
DA:13,3
LF:5
LH:5
BRF:0
BRH:0
end_of_record
TN:
SF:src/components/molecules/FlightCard/FromCity.js
FN:10,(anonymous_0)
FN:4,(anonymous_2)
FNF:2
FNH:2
FNDA:3,(anonymous_0)
FNDA:3,(anonymous_2)
DA:1,1
DA:2,1
DA:4,1
DA:10,3
LF:4
LH:4
BRF:0
BRH:0
end_of_record
TN:
SF:src/components/molecules/FlightCard/OfferType.js
FN:12,(anonymous_0)
FN:4,(anonymous_2)
FNF:2
FNH:2
FNDA:3,(anonymous_0)
FNDA:3,(anonymous_2)
DA:1,1
DA:2,1
DA:4,1
DA:12,3
LF:4
LH:4
BRF:0
BRH:0
end_of_record
TN:
SF:src/components/molecules/FlightCard/Price.js
FN:10,(anonymous_0)
FN:4,(anonymous_2)
FNF:2
FNH:2
FNDA:3,(anonymous_0)
FNDA:3,(anonymous_2)
DA:1,1
DA:2,1
DA:4,1
DA:10,3
LF:4
LH:4
BRF:0
BRH:0
end_of_record
TN:
SF:src/components/molecules/FlightCard/SeatAvailability.js
FN:17,(anonymous_0)
FN:5,(anonymous_2)
FNF:2
FNH:2
FNDA:3,(anonymous_0)
FNDA:3,(anonymous_2)
DA:1,1
DA:2,1
DA:3,1
DA:5,1
DA:17,3
LF:5
LH:5
BRF:0
BRH:0
end_of_record
TN:
SF:src/components/molecules/FlightCard/ToCity.js
FN:10,(anonymous_0)
FN:4,(anonymous_2)
FNF:2
FNH:2
FNDA:3,(anonymous_0)
FNDA:3,(anonymous_2)
DA:1,1
DA:2,1
DA:4,1
DA:10,3
LF:4
LH:4
BRF:0
BRH:0
end_of_record
TN:
SF:src/components/molecules/InputField/index.js
FN:18,(anonymous_0)
FN:6,(anonymous_5)
FNF:2
FNH:2
FNDA:6,(anonymous_0)
FNDA:6,(anonymous_5)
DA:1,1
DA:2,1
DA:3,1
DA:4,1
DA:5,1
DA:6,1
DA:18,6
LF:7
LH:7
BRF:0
BRH:0
end_of_record
TN:
SF:src/components/molecules/NoResult/Icons/index.js
FN:13,(anonymous_0)
FN:4,(anonymous_2)
FNF:2
FNH:2
FNDA:3,(anonymous_0)
FNDA:3,(anonymous_2)
DA:1,1
DA:2,1
DA:4,1
DA:13,3
LF:4
LH:4
BRF:0
BRH:0
end_of_record
TN:
SF:src/components/molecules/NoResult/Message/index.js
FN:13,(anonymous_0)
FN:4,(anonymous_2)
FNF:2
FNH:2
FNDA:3,(anonymous_0)
FNDA:3,(anonymous_2)
DA:1,1
DA:2,1
DA:4,1
DA:13,3
LF:4
LH:4
BRF:0
BRH:0
end_of_record
TN:
SF:src/components/organisms/NoResultComponent.js
FN:13,(anonymous_0)
FN:5,(anonymous_2)
FNF:2
FNH:2
FNDA:3,(anonymous_0)
FNDA:3,(anonymous_2)
DA:1,1
DA:2,1
DA:3,1
DA:5,1
DA:13,3
LF:5
LH:5
BRF:0
BRH:0
end_of_record
TN:
SF:src/components/organisms/DateFilter/index.js
FN:73,(anonymous_0)
FN:9,(anonymous_2)
FN:12,(anonymous_3)
FN:18,(anonymous_4)
FN:24,(anonymous_5)
FN:30,(anonymous_6)
FN:47,(anonymous_7)
FN:49,(anonymous_8)
FNF:8
FNH:2
FNDA:6,(anonymous_0)
FNDA:6,(anonymous_2)
FNDA:0,(anonymous_3)
FNDA:0,(anonymous_4)
FNDA:0,(anonymous_5)
FNDA:0,(anonymous_6)
FNDA:0,(anonymous_7)
FNDA:0,(anonymous_8)
DA:1,1
DA:2,1
DA:3,1
DA:4,1
DA:5,1
DA:6,1
DA:7,1
DA:9,1
DA:12,6
DA:13,0
DA:14,0
DA:18,6
DA:19,0
DA:20,0
DA:24,6
DA:25,0
DA:26,0
DA:30,6
DA:31,0
DA:32,0
DA:47,0
DA:49,0
DA:73,6
LF:23
LH:13
BRDA:41,0,0,3
BRDA:41,0,1,3
BRDA:46,1,0,3
BRDA:46,1,1,3
BRDA:51,2,0,3
BRDA:51,2,1,3
BRDA:53,3,0,0
BRDA:53,3,1,3
BRDA:61,4,0,0
BRDA:61,4,1,3
BRF:10
BRH:8
end_of_record
TN:
SF:src/components/organisms/FlightCard/index.js
FN:32,(anonymous_0)
FN:10,(anonymous_2)
FNF:2
FNH:2
FNDA:3,(anonymous_0)
FNDA:3,(anonymous_2)
DA:1,1
DA:2,1
DA:3,1
DA:4,1
DA:5,1
DA:6,1
DA:7,1
DA:8,1
DA:10,1
DA:11,3
DA:32,3
LF:11
LH:11
BRF:0
BRH:0
end_of_record
TN:
SF:src/components/organisms/OfferType/index.js
FN:45,(anonymous_0)
FN:7,(anonymous_2)
FN:10,(anonymous_3)
FN:15,(anonymous_4)
FN:26,(anonymous_5)
FN:31,(anonymous_6)
FN:32,(anonymous_7)
FNF:7
FNH:2
FNDA:3,(anonymous_0)
FNDA:3,(anonymous_2)
FNDA:0,(anonymous_3)
FNDA:0,(anonymous_4)
FNDA:0,(anonymous_5)
FNDA:0,(anonymous_6)
FNDA:0,(anonymous_7)
DA:1,1
DA:2,1
DA:3,1
DA:4,1
DA:5,1
DA:7,1
DA:10,3
DA:11,0
DA:15,3
DA:16,0
DA:17,0
DA:26,0
DA:32,0
DA:45,3
LF:14
LH:9
BRDA:23,0,0,0
BRDA:23,0,1,3
BRDA:24,1,0,3
BRDA:26,2,0,0
BRDA:26,2,1,0
BRDA:32,3,0,0
BRDA:32,3,1,0
BRF:7
BRH:2
end_of_record
TN:
SF:src/components/templates/FlightCardList.js
FN:21,(anonymous_0)
FN:5,(anonymous_5)
FNF:2
FNH:2
FNDA:5,(anonymous_0)
FNDA:5,(anonymous_5)
DA:1,1
DA:2,1
DA:3,1
DA:5,1
DA:21,5
LF:5
LH:5
BRDA:8,0,0,3
BRDA:8,0,1,2
BRF:2
BRH:2
end_of_record
TN:
SF:src/pages/index.js
FN:10,(anonymous_1)
FN:83,(anonymous_2)
FN:10,(anonymous_7)
FN:18,(anonymous_8)
FN:27,(anonymous_9)
FN:30,(anonymous_10)
FN:41,(anonymous_11)
FN:62,(anonymous_12)
FN:63,(anonymous_13)
FN:64,(anonymous_14)
FNF:10
FNH:4
FNDA:0,(anonymous_1)
FNDA:1,(anonymous_2)
FNDA:0,(anonymous_7)
FNDA:3,(anonymous_8)
FNDA:0,(anonymous_9)
FNDA:0,(anonymous_10)
FNDA:0,(anonymous_11)
FNDA:1,(anonymous_12)
FNDA:0,(anonymous_13)
FNDA:1,(anonymous_14)
DA:1,1
DA:2,1
DA:3,1
DA:4,1
DA:5,1
DA:6,1
DA:7,1
DA:8,1
DA:10,1
DA:11,0
DA:12,0
DA:13,0
DA:14,0
DA:18,1
DA:19,3
DA:20,3
DA:21,3
DA:22,3
DA:23,3
DA:24,3
DA:25,3
DA:26,3
DA:27,3
DA:30,3
DA:31,0
DA:32,0
DA:33,0
DA:35,0
DA:36,0
DA:41,3
DA:42,0
DA:52,3
DA:62,1
DA:63,0
DA:64,1
DA:83,1
LF:36
LH:25
BRDA:27,0,0,0
BRDA:27,0,1,3
BRDA:31,1,0,0
BRDA:31,1,1,0
BRDA:41,2,0,0
BRDA:41,2,1,3
BRDA:43,3,0,0
BRDA:43,3,1,0
BRDA:43,3,2,0
BRDA:43,3,3,0
BRDA:43,3,4,0
BRF:11
BRH:2
end_of_record
TN:
SF:src/utility/index.js
FN:2,(anonymous_0)
FN:2,(anonymous_1)
FNF:2
FNH:0
FNDA:0,(anonymous_0)
FNDA:0,(anonymous_1)
DA:2,1
DA:3,0
DA:4,0
DA:5,0
DA:6,0
DA:7,0
LF:6
LH:1
BRF:0
BRH:0
end_of_record
